2025-06-26 18:07:42,654 wrong_option_error   ERROR    Wrong option : {wrong_field}
2025-06-26 18:08:03,993 wrong_option_error   ERROR    Wrong option : hash
2025-06-26 18:52:31,771 wrong_option_error   ERROR    The user selected an invalid option : hash
2025-06-26 18:52:48,659 wrong_option_error   ERROR    The user selected an invalid option : hash
2025-06-26 18:56:08,098 option_error         ERROR    The user selected an invalid option.
2025-06-26 18:56:35,070 option_error         ERROR    The user selected an invalid option.
2025-06-26 18:56:47,816 option_error         ERROR    The user selected an invalid option.
2025-06-26 18:58:50,219 option_error         ERROR    The user selected an invalid option.
2025-06-26 18:59:11,181 option_error         ERROR    The user selected an invalid option.
2025-06-26 19:02:03,569 option_error         ERROR    The user selected an invalid option.
2025-06-26 19:13:42,141 log_option_error     ERROR    The user selected an invalid option.
2025-06-26 19:14:16,935 log_file_not_found   ERROR    File not found: C:\Users\PC\Desktop\biblio.docxx
2025-06-26 19:22:55,230 log_option_error     ERROR    The user selected an invalid option.
2025-06-26 19:23:58,524 log_option_error     ERROR    The user selected an invalid option.
2025-06-26 19:24:08,087 log_option_error     ERROR    The user selected an invalid option.
2025-06-26 19:24:31,177 log_option_error     ERROR    The user selected an invalid option.
2025-06-26 22:34:54,383 log_option_error     ERROR    The user selected an invalid option.
2025-06-26 22:39:10,903 log_parser_error     ERROR    The user [forgot]/[selected an invalid] option .
2025-06-27 23:27:51,040 log_parser_error     ERROR    The user [forgot]/[selected an invalid] option .
2025-06-27 23:28:04,304 log_parser_error     ERROR    The user [forgot]/[selected an invalid] option .
2025-06-27 23:57:06,513 log_parser_error     ERROR    The user [forgot]/[selected an invalid] option .
2025-06-28 00:05:41,743 log_tool_usage       INFO     The user ran : gm
2025-06-28 00:06:09,593 log_parser_error     ERROR    The user [forgot]/[selected an invalid] option .
2025-06-28 15:27:51,848 log_parser_error     ERROR    The user [forgot]/[selected an invalid] option .
2025-06-28 15:45:23,385 log_tool_usage       INFO     The user ran : gm
2025-06-28 15:45:48,175 log_tool_usage       INFO     The user ran : gm
2025-06-28 15:45:59,673 log_tool_usage       INFO     The user ran : gm
2025-06-28 15:46:11,534 log_tool_usage       INFO     The user ran : gm
2025-06-28 15:50:22,922 log_tool_usage       INFO     The user ran : gm
2025-06-28 15:50:29,539 log_tool_usage       INFO     The user ran : gm
2025-06-28 15:50:35,809 log_tool_usage       INFO     The user ran : gm
2025-06-28 15:52:49,569 log_tool_usage       INFO     The user ran : gm
2025-06-28 16:01:00,579 log_tool_usage       INFO     The user ran : gm
2025-06-28 16:01:34,659 log_tool_usage       INFO     The user ran : gm
2025-06-28 16:01:56,468 log_tool_usage       INFO     The user ran : gm
2025-06-28 16:18:15,134 log_tool_usage       INFO     The user ran : gm
2025-06-28 16:18:41,461 log_tool_usage       INFO     The user ran : gm
2025-06-29 14:43:45,283 log_parser_error     ERROR    The user [forgot]/[selected an invalid] option .
2025-06-29 14:45:51,883 log_tool_usage       INFO     The user ran : gm
2025-06-29 14:47:10,466 log_tool_usage       INFO     The user ran : gm
2025-06-29 14:47:37,873 log_tool_usage       INFO     The user ran : gm
2025-06-29 14:47:47,213 log_tool_usage       INFO     The user ran : gm
2025-06-29 14:48:08,943 log_tool_usage       INFO     The user ran : gm
2025-06-29 14:51:14,646 log_tool_usage       INFO     The user ran : gm
2025-06-29 14:51:30,906 log_tool_usage       INFO     The user ran : gm
2025-06-29 14:52:34,936 log_tool_usage       INFO     The user ran : gm
2025-06-29 14:53:01,956 log_tool_usage       INFO     The user ran : gm
